<?xml version="1.0" encoding="UTF-8"?>
<!-- Generated by org.testng.reporters.JUnitXMLReporter -->
<testsuite ignored="0" hostname="MacBook-Air-Maria.local" failures="2" tests="24" name="Command line test" time="11.33" errors="0" timestamp="24 дек. 2019 21:01:38 GMT">
  <testcase classname="getforecast.TestRequestedParamsIndependentResponses" name="CheckResponseLatLon" time="3.63">
    <failure type="java.lang.AssertionError" message="Response and request lat are different expected [55.839906] but found [55.839905]">
      <![CDATA[java.lang.AssertionError: Response and request lat are different expected [55.839906] but found [55.839905]
	at getforecast.TestRequestedParamsIndependentResponses.CheckResponseLatLon(TestRequestedParamsIndependentResponses.java:41)
... Removed 40 stack frames]]>
    </failure>
  </testcase> <!-- CheckResponseLatLon -->
  <testcase classname="getforecast.TestRequestedParamsIndependentResponses" name="CheckServerTime" time="0.447"/>
  <testcase classname="getforecast.TestAPIYandexForecast" name="CheckDefaultNOHoursJSONSchema" time="2.049"/>
  <testcase classname="getforecast.TestAPIYandexForecast" name="CheckDefaultNOHoursWithExtraJSONSchema" time="0.556"/>
  <testcase classname="getforecast.TestAPIYandexForecast" name="CheckDefaultWithHoursExtraJSONSchema" time="0.34"/>
  <testcase classname="getforecast.TestAPIYandexForecast" name="CheckDefaultWithHoursJSONSchema" time="0.256"/>
  <testcase classname="getforecast.TestAPIYandexForecast" name="CheckLangURL" time="0.256"/>
  <testcase classname="getforecast.TestAPIYandexForecast" name="CheckLangURL" time="0.285"/>
  <testcase classname="getforecast.TestAPIYandexForecast" name="CheckLangURL" time="0.227"/>
  <testcase classname="getforecast.TestAPIYandexForecast" name="CheckLangURL" time="0.259"/>
  <testcase classname="getforecast.TestAPIYandexForecast" name="CheckLangURL" time="0.327"/>
  <testcase classname="getforecast.TestAPIYandexForecast" name="CheckLangURL" time="0.242"/>
  <testcase classname="getforecast.TestAPIYandexForecast" name="CheckLangURL" time="0.223"/>
  <testcase classname="getforecast.TestAPIYandexForecast" name="CheckLangURL" time="0.204"/>
  <testcase classname="getforecast.TestAPIYandexForecast" name="CheckLimitParam" time="0.173"/>
  <testcase classname="getforecast.TestAPIYandexForecast" name="CheckLimitParam" time="0.313"/>
  <testcase classname="getforecast.TestAPIYandexForecast" name="CheckLimitParam" time="0.161"/>
  <testcase classname="getforecast.TestAPIYandexForecast" name="CheckLimitParam" time="0.205"/>
  <testcase classname="getforecast.TestAPIYandexForecast" name="CheckLimitParam" time="0.184"/>
  <testcase classname="getforecast.TestAPIYandexForecast" name="CheckLimitParam" time="0.199"/>
  <testcase classname="getforecast.TestAPIYandexForecast" name="CheckLimitParam" time="0.188">
    <failure type="java.lang.AssertionError" message="limit = 8 expected [false] but found [true]">
      <![CDATA[java.lang.AssertionError: limit = 8 expected [false] but found [true]
	at getforecast.TestAPIYandexForecast.CheckLimitParam(TestAPIYandexForecast.java:162)
... Removed 38 stack frames]]>
    </failure>
  </testcase> <!-- CheckLimitParam -->
  <testcase classname="getforecast.TestAPIYandexForecast" name="CheckLimitParam" time="0.195"/>
  <testcase classname="getforecast.TestAPIYandexForecast" name="CheckLimitParam" time="0.198"/>
  <testcase classname="getforecast.TestAPIYandexForecast" name="CheckValidAuthorization" time="0.171"/>
</testsuite> <!-- Command line test -->
