<?xml version="1.0" encoding="UTF-8" ?>
<testsuite tests="24" failures="2" name="TestSuite" time="11.284" errors="0" skipped="0">
  <properties>
[...]
</properties>
  <testcase classname="getforecast.TestRequestedParamsIndependentResponses" name="CheckResponseLatLon" time="3.634">
    <failure message="Response and request lat are different expected [55.839906] but found [55.839905]" type="java.lang.AssertionError">java.lang.AssertionError: Response and request lat are different expected [55.839906] but found [55.839905]
	at org.testng.Assert.fail(Assert.java:94)
	at org.testng.Assert.failNotEquals(Assert.java:513)
	at org.testng.Assert.assertEqualsImpl(Assert.java:135)
	at org.testng.Assert.assertEquals(Assert.java:116)
	at org.testng.Assert.assertEquals(Assert.java:190)
	at getforecast.TestRequestedParamsIndependentResponses.CheckResponseLatLon(TestRequestedParamsIndependentResponses.java:41)
</failure>
    <system-out>Configuring TestNG with: org.apache.maven.surefire.testng.conf.TestNG652Configurator@f5f2bb7
</system-out>
  </testcase>
  <testcase classname="getforecast.TestRequestedParamsIndependentResponses" name="CheckServerTime" time="0.443"/>
  <testcase classname="getforecast.TestAPIYandexForecast" name="CheckDefaultNOHoursJSONSchema" time="2.05"/>
  <testcase classname="getforecast.TestAPIYandexForecast" name="CheckDefaultNOHoursWithExtraJSONSchema" time="0.558"/>
  <testcase classname="getforecast.TestAPIYandexForecast" name="CheckDefaultWithHoursExtraJSONSchema" time="0.338"/>
  <testcase classname="getforecast.TestAPIYandexForecast" name="CheckDefaultWithHoursJSONSchema" time="0.256"/>
  <testcase classname="getforecast.TestAPIYandexForecast" name="CheckLangURL" time="0.257"/>
  <testcase classname="getforecast.TestAPIYandexForecast" name="CheckLangURL" time="0.284"/>
  <testcase classname="getforecast.TestAPIYandexForecast" name="CheckLangURL" time="0.224"/>
  <testcase classname="getforecast.TestAPIYandexForecast" name="CheckLangURL" time="0.259"/>
  <testcase classname="getforecast.TestAPIYandexForecast" name="CheckLangURL" time="0.327"/>
  <testcase classname="getforecast.TestAPIYandexForecast" name="CheckLangURL" time="0.242"/>
  <testcase classname="getforecast.TestAPIYandexForecast" name="CheckLangURL" time="0.224"/>
  <testcase classname="getforecast.TestAPIYandexForecast" name="CheckLangURL" time="0.204"/>
  <testcase classname="getforecast.TestAPIYandexForecast" name="CheckLimitParam" time="0.174"/>
  <testcase classname="getforecast.TestAPIYandexForecast" name="CheckLimitParam" time="0.312"/>
  <testcase classname="getforecast.TestAPIYandexForecast" name="CheckLimitParam" time="0.161"/>
  <testcase classname="getforecast.TestAPIYandexForecast" name="CheckLimitParam" time="0.207"/>
  <testcase classname="getforecast.TestAPIYandexForecast" name="CheckLimitParam" time="0.181"/>
  <testcase classname="getforecast.TestAPIYandexForecast" name="CheckLimitParam" time="0.198"/>
  <testcase classname="getforecast.TestAPIYandexForecast" name="CheckLimitParam" time="0.189">
    <failure message="limit = 8 expected [false] but found [true]" type="java.lang.AssertionError">java.lang.AssertionError: limit = 8 expected [false] but found [true]
	at org.testng.Assert.fail(Assert.java:94)
	at org.testng.Assert.failNotEquals(Assert.java:513)
	at org.testng.Assert.assertFalse(Assert.java:63)
	at getforecast.TestAPIYandexForecast.CheckLimitParam(TestAPIYandexForecast.java:162)
</failure>
  </testcase>
  <testcase classname="getforecast.TestAPIYandexForecast" name="CheckLimitParam" time="0.194"/>
  <testcase classname="getforecast.TestAPIYandexForecast" name="CheckLimitParam" time="0.197"/>
  <testcase classname="getforecast.TestAPIYandexForecast" name="CheckValidAuthorization" time="0.171"/>
</testsuite>