<?xml version="1.0" encoding="UTF-8"?>
<testng-results ignored="0" total="1" passed="1" failed="0" skipped="0">
  <reporter-output>
  </reporter-output>
  <suite started-at="2019-12-15T16:34:55Z" name="getforecast.TestAPIYandexForecast" finished-at="2019-12-15T16:34:59Z" duration-ms="3254">
    <groups>
    </groups>
    <test started-at="2019-12-15T16:34:55Z" name="Command line test" finished-at="2019-12-15T16:34:59Z" duration-ms="3254">
      <class name="getforecast.TestAPIYandexForecast">
        <test-method signature="GetForecast()[pri:0, instance:getforecast.TestAPIYandexForecast@67b92f0a]" started-at="2019-12-15T19:34:55Z" name="GetForecast" finished-at="2019-12-15T19:34:59Z" duration-ms="3218" status="PASS">
          <reporter-output>
          </reporter-output>
        </test-method> <!-- GetForecast -->
      </class> <!-- getforecast.TestAPIYandexForecast -->
    </test> <!-- Command line test -->
  </suite> <!-- getforecast.TestAPIYandexForecast -->
</testng-results>
